---- light / ericw-tools v0.18.1 ----
Raytracing backend: Embree
running with 12 threads
LoadBSPFile: 'SingleMap.bsp'
BSP is version 29
--- LoadEntities ---
WARNING: entity at () (worldspawn) has empty key/value "targetname" ""
WARNING: brush entity with mins (305.00 -207.00 -751) maxs (495.00 -161.00 -737) (trigger_once) has empty key/value "message" ""
WARNING: entity at (-144 -176 -997) (item_health) has targetname "HP" which is not targetted by anything.
WARNING: entity at (-96 80 -992) (weapon_rocketlauncher) has empty key/value "angle" ""
WARNING: brush entity with mins (-1167.00 -447.00 -5) maxs (-1037.00 -417.00 -5) (trigger_monsterjump) has targetname "jumpab" which is not targetted by anything.
WARNING: brush entity with mins (141.00 -143.00 -991) maxs (143.00 -113.00 -961) (func_button) has empty key/value "targetname" ""
WARNING: Not 3 values for sunlight_mangle
111 entities read, 25 are lights.
--- OptionsSummary ---
    "sunlight_mangle" was set to "1.19249e-008 -1 0" from map
Embree_TraceInit: Embree version: 2.15.0
Embree_TraceInit:
	0 sky faces
	6070 solid faces
	0 filtered faces
	0 shadow-casting skip faces
SetupLights: 25 initial lights
SetupLights: 25 after surface lights
SetupLights: 25 after jittering
--- EstimateLightVisibility ---
0....1....2....3....4....5....6....7....8....9...
Final count: 25 lights 0 suns in use.
--- LightWorld ---
0....1....2....3....4....5....6....7....8....9....
Lighting Completed.

lightdatasize: 432357
0 switchable light styles (32 max)
Writing SingleMap.bsp as BSP version 29
0.396 seconds elapsed

stats:
3.491246 lights tested, 2.367083 hits per sample point
0.000000 bounce lights tested, 0.000000 hits per sample point
0 empty lightmaps
